Build started 25/04/2015 11:53:52 AM.
     1>Project "C:\Users\admin_000\Documents\GitHub\Electron\Electron\Windows\Electron\Electron\Electron.vcxproj" on node 2 (Build target(s)).
     1>ClCompile:
         C:\Program Files (x86)\Microsoft Visual Studio 12.0\VC\bin\CL.exe /c /IC:\Users\admin_000\Documents\GitHub\Electron\Electron\OpenGL /IC:\Users\admin_000\Documents\GitHub\Electron /ZI /nologo /W3 /WX- /sdl /Od /Oy- /D WIN32 /D _DEBUG /D _WINDOWS /D _MBCS /Gm /EHsc /RTC1 /MDd /GS- /fp:precise /Zc:wchar_t /Zc:forScope /Fo"Debug\\" /Fd"Debug\vc120.pdb" /Gd /TP /analyze- /errorReport:prompt Electron.cpp
     1>cl : Command line warning D9025: overriding '/sdl' with '/GS-'
         Electron.cpp
     1>c:\users\admin_000\documents\github\electron\halodata.h(62): warning C4351: new behavior: elements of array 'HaloCacheFileHeaderDemo::padding1' will be default initialized
     1>c:\users\admin_000\documents\github\electron\halodata.h(64): warning C4351: new behavior: elements of array 'HaloCacheFileHeaderDemo::padding2' will be default initialized
     1>c:\users\admin_000\documents\github\electron\halodata.h(67): warning C4351: new behavior: elements of array 'HaloCacheFileHeaderDemo::mapBuild' will be default initialized
     1>c:\users\admin_000\documents\github\electron\halodata.h(70): warning C4351: new behavior: elements of array 'HaloCacheFileHeaderDemo::mapName' will be default initialized
     1>c:\users\admin_000\documents\github\electron\halodata.h(71): warning C4351: new behavior: elements of array 'HaloCacheFileHeaderDemo::padding4' will be default initialized
     1>c:\users\admin_000\documents\github\electron\halodata.h(73): warning C4351: new behavior: elements of array 'HaloCacheFileHeaderDemo::padding5' will be default initialized
     1>c:\users\admin_000\documents\github\electron\halodata.h(77): warning C4351: new behavior: elements of array 'HaloCacheFileHeaderDemo::padding6' will be default initialized
     1>c:\users\admin_000\documents\github\electron\halodata.h(86): warning C4351: new behavior: elements of array 'HaloCacheFileHeader::padding1' will be default initialized
     1>c:\users\admin_000\documents\github\electron\halodata.h(89): warning C4351: new behavior: elements of array 'HaloCacheFileHeader::padding2' will be default initialized
     1>c:\users\admin_000\documents\github\electron\halodata.h(90): warning C4351: new behavior: elements of array 'HaloCacheFileHeader::mapName' will be default initialized
     1>c:\users\admin_000\documents\github\electron\halodata.h(91): warning C4351: new behavior: elements of array 'HaloCacheFileHeader::mapBuild' will be default initialized
     1>c:\users\admin_000\documents\github\electron\halodata.h(93): warning C4351: new behavior: elements of array 'HaloCacheFileHeader::padding3' will be default initialized
     1>c:\users\admin_000\documents\github\electron\halodata.h(95): warning C4351: new behavior: elements of array 'HaloCacheFileHeader::padding4' will be default initialized
     1>c:\users\admin_000\documents\github\electron\protontag.h(31): warning C4351: new behavior: elements of array 'ProtonTag::tag_classes' will be default initialized
     1>c:\users\admin_000\documents\github\electron\protontag.h(69): warning C4351: new behavior: elements of array 'ProtonTag::name' will be default initialized
     1>c:\users\admin_000\documents\github\electron\protonmap.h(43): warning C4351: new behavior: elements of array 'ProtonMap::name' will be default initialized
     1>c:\users\admin_000\documents\github\electron\protonmap.h(44): warning C4351: new behavior: elements of array 'ProtonMap::build' will be default initialized
     1>c:\users\admin_000\documents\github\electron\electron\windows\electron\electron\electron.cpp(17): warning C4996: 'fopen': This function or variable may be unsafe. Consider using fopen_s instead. To disable deprecation, use _CRT_SECURE_NO_WARNINGS. See online help for details.
                 c:\program files (x86)\microsoft visual studio 12.0\vc\include\stdio.h(211) : see declaration of 'fopen'
     1>c:\users\admin_000\documents\github\electron\electron\windows\electron\electron\electron.cpp(173): warning C4244: 'argument' : conversion from 'int' to 'float', possible loss of data
     1>c:\users\admin_000\documents\github\electron\electron\windows\electron\electron\electron.cpp(222): warning C4715: 'WndProc' : not all control paths return a value
       Link:
         C:\Program Files (x86)\Microsoft Visual Studio 12.0\VC\bin\link.exe /ERRORREPORT:PROMPT /OUT:"C:\Users\admin_000\Documents\GitHub\Electron\Electron\Windows\Electron\Debug\Electron.exe" /INCREMENTAL /NOLOGO opengl32.lib glu32.lib kernel32.lib user32.lib gdi32.lib winspool.lib comdlg32.lib advapi32.lib shell32.lib ole32.lib oleaut32.lib uuid.lib odbc32.lib odbccp32.lib /MANIFEST /MANIFESTUAC:"level='asInvoker' uiAccess='false'" /manifest:embed /DEBUG /PDB:"C:\Users\admin_000\Documents\GitHub\Electron\Electron\Windows\Electron\Debug\Electron.pdb" /SUBSYSTEM:WINDOWS /TLBID:1 /DYNAMICBASE /NXCOMPAT /IMPLIB:"C:\Users\admin_000\Documents\GitHub\Electron\Electron\Windows\Electron\Debug\Electron.lib" /MACHINE:X86 Debug\Electron.res
         Debug\HaloData.obj
         Debug\ProtonCacheFile.obj
         Debug\ProtonMap.obj
         Debug\ProtonTag.obj
         Debug\ProtonTagArray.obj
         Debug\ProtonTagDependency.obj
         Debug\glew.obj
         Debug\visualinfo.obj
         Debug\camera.obj
         Debug\vector3d.obj
         Debug\render.obj
         Debug\bsp.obj
         Debug\model.obj
         Debug\object.obj
         Debug\itmc.obj
         Debug\scen.obj
         Debug\vehi.obj
         Debug\shader.obj
         Debug\null.obj
         Debug\schi.obj
         Debug\senv.obj
         Debug\soso.obj
         Debug\bitmaps.obj
         Debug\texture.obj
         Debug\Electron.obj
         Debug\stdafx.obj
         Electron.vcxproj -> C:\Users\admin_000\Documents\GitHub\Electron\Electron\Windows\Electron\Debug\Electron.exe
     1>Done Building Project "C:\Users\admin_000\Documents\GitHub\Electron\Electron\Windows\Electron\Electron\Electron.vcxproj" (Build target(s)).

Build succeeded.

Time Elapsed 00:00:00.86
