c:\users\admin_000\documents\github\electron\electron\windows\electron\electron\debug\electron.pch
c:\users\admin_000\documents\github\electron\electron\windows\electron\electron\debug\vc120.pdb
c:\users\admin_000\documents\github\electron\electron\windows\electron\electron\debug\vc120.idb
c:\users\admin_000\documents\github\electron\electron\windows\electron\electron\debug\stdafx.obj
c:\users\admin_000\documents\github\electron\electron\windows\electron\electron\debug\protontag.obj
c:\users\admin_000\documents\github\electron\electron\windows\electron\electron\debug\protontagarray.obj
c:\users\admin_000\documents\github\electron\electron\windows\electron\electron\debug\protontagdependency.obj
c:\users\admin_000\documents\github\electron\electron\windows\electron\electron\debug\camera.obj
c:\users\admin_000\documents\github\electron\electron\windows\electron\electron\debug\vector3d.obj
c:\users\admin_000\documents\github\electron\electron\windows\electron\electron\debug\render.obj
c:\users\admin_000\documents\github\electron\electron\windows\electron\electron\debug\bsp.obj
c:\users\admin_000\documents\github\electron\electron\windows\electron\electron\debug\model.obj
c:\users\admin_000\documents\github\electron\electron\windows\electron\electron\debug\object.obj
c:\users\admin_000\documents\github\electron\electron\windows\electron\electron\debug\itmc.obj
c:\users\admin_000\documents\github\electron\electron\windows\electron\electron\debug\scen.obj
c:\users\admin_000\documents\github\electron\electron\windows\electron\electron\debug\vehi.obj
c:\users\admin_000\documents\github\electron\electron\windows\electron\electron\debug\shader.obj
c:\users\admin_000\documents\github\electron\electron\windows\electron\electron\debug\null.obj
c:\users\admin_000\documents\github\electron\electron\windows\electron\electron\debug\schi.obj
c:\users\admin_000\documents\github\electron\electron\windows\electron\electron\debug\senv.obj
c:\users\admin_000\documents\github\electron\electron\windows\electron\electron\debug\soso.obj
c:\users\admin_000\documents\github\electron\electron\windows\electron\electron\debug\bitmaps.obj
c:\users\admin_000\documents\github\electron\electron\windows\electron\electron\debug\texture.obj
c:\users\admin_000\documents\github\electron\electron\windows\electron\electron\debug\electron.obj
c:\users\admin_000\documents\github\electron\electron\windows\electron\electron\debug\halodata.obj
c:\users\admin_000\documents\github\electron\electron\windows\electron\electron\debug\protoncachefile.obj
c:\users\admin_000\documents\github\electron\electron\windows\electron\electron\debug\protonmap.obj
c:\users\admin_000\documents\github\electron\electron\windows\electron\electron\debug\glew.obj
c:\users\admin_000\documents\github\electron\electron\windows\electron\electron\debug\glewinfo.obj
c:\users\admin_000\documents\github\electron\electron\windows\electron\electron\debug\visualinfo.obj
c:\users\admin_000\documents\github\electron\electron\windows\electron\electron\debug\electron.res
c:\users\admin_000\documents\github\electron\electron\windows\electron\debug\electron.pdb
c:\users\admin_000\documents\github\electron\electron\windows\electron\electron\debug\electron.tlog\cl.command.1.tlog
c:\users\admin_000\documents\github\electron\electron\windows\electron\electron\debug\electron.tlog\cl.read.1.tlog
c:\users\admin_000\documents\github\electron\electron\windows\electron\electron\debug\electron.tlog\cl.write.1.tlog
c:\users\admin_000\documents\github\electron\electron\windows\electron\electron\debug\electron.tlog\link-cvtres.read.1.tlog
c:\users\admin_000\documents\github\electron\electron\windows\electron\electron\debug\electron.tlog\link-cvtres.write.1.tlog
c:\users\admin_000\documents\github\electron\electron\windows\electron\electron\debug\electron.tlog\link-rc.read.1.tlog
c:\users\admin_000\documents\github\electron\electron\windows\electron\electron\debug\electron.tlog\link-rc.write.1.tlog
c:\users\admin_000\documents\github\electron\electron\windows\electron\electron\debug\electron.tlog\link.command.1.tlog
c:\users\admin_000\documents\github\electron\electron\windows\electron\electron\debug\electron.tlog\link.read.1.tlog
c:\users\admin_000\documents\github\electron\electron\windows\electron\electron\debug\electron.tlog\link.write.1.tlog
c:\users\admin_000\documents\github\electron\electron\windows\electron\electron\debug\electron.tlog\rc.command.1.tlog
c:\users\admin_000\documents\github\electron\electron\windows\electron\electron\debug\electron.tlog\rc.read.1.tlog
c:\users\admin_000\documents\github\electron\electron\windows\electron\electron\debug\electron.tlog\rc.write.1.tlog
